
Results for data/classify/diabetes.csv:

Results for data/classify/soybean.csv:

Results for data/config/Apache_AllMeasurements.csv:
[1, 1, 0, 0, 1, 1, 0, 0, 0, 900]
[1, 1, 0, 1, 0, 1, 1, 0, 1, 870]
[1, 1, 0, 0, 1, 1, 1, 0, 0, 840]
[1, 1, 1, 1, 1, 1, 1, 0, 1, 870]
#
 0,             smart,20,  0.00,  0.00, *---------          |                   ,  0.00,  0.02
 0,             smart,30,  0.00,  0.00, *                   |                   ,  0.00,  0.00
 0,             smart,40,  0.00,  0.00, *                   |                   ,  0.00,  0.00
 0,             smart,50,  0.00,  0.00, *                   |                   ,  0.00,  0.00
#
 1,              dumb,30,  0.02,  0.02, ----------*         |---------          ,  0.00,  0.07
 1,              dumb,40,  0.02,  0.02, ----------*         |                   ,  0.00,  0.05
 1,              dumb,50,  0.02,  0.02,           *---------|---------          ,  0.00,  0.07
#
 2,              dumb,20,  0.03,  0.02, ----------          *                   ,  0.00,  0.03

Results for data/config/SQL_AllMeasurements.csv:
[1, 1, 1, 0, 0, 0, 1, 1, 1, 1, 1, 1, 1, 1, 1, 1, 1, 1, 1, 1, 0, 1, 1, 1, 1, 1, 0, 1, 0, 0, 1, 1, 1, 0, 1, 0, 0, 1, 0, 13.0637297573573]
[1, 1, 1, 0, 0, 0, 1, 1, 1, 1, 1, 0, 1, 1, 1, 1, 1, 1, 1, 1, 1, 1, 1, 1, 1, 1, 0, 1, 0, 0, 1, 1, 1, 0, 1, 0, 1, 0, 0, 13.2982686374525]
[1, 0, 0, 0, 0, 0, 0, 1, 0, 0, 1, 0, 1, 1, 0, 0, 0, 0, 0, 0, 0, 0, 0, 1, 1, 1, 0, 1, 0, 1, 0, 1, 1, 0, 1, 0, 0, 0, 1, 13.0135518905714]
[1, 1, 1, 0, 0, 0, 1, 1, 1, 1, 1, 1, 1, 1, 1, 1, 1, 1, 1, 1, 0, 1, 1, 1, 1, 1, 0, 1, 0, 0, 1, 1, 1, 0, 1, 0, 0, 1, 0, 13.0637297573573]
#
 0,              dumb,50,  0.13,  0.01,              ----- *|----               ,  0.07,  0.21
 0,             smart,50,  0.13,  0.10,       --           *| --------          ,  0.00,  0.21
 0,             smart,40,  0.13,  0.02,         ----------  *--------           ,  0.02,  0.20
 0,              dumb,40,  0.14,  0.03,                  -  *  -----            ,  0.07,  0.22
 0,             smart,30,  0.14,  0.03,        ------------ |*  -----           ,  0.00,  0.22
 0,              dumb,30,  0.15,  0.02,            ---------| *------           ,  0.05,  0.21
 0,              dumb,20,  0.15,  0.04,                   --|  *   ------       ,  0.05,  0.26
 0,             smart,20,  0.16,  0.04,                  ---|   *  ------       ,  0.04,  0.24

Results for data/config/SS-A.csv:
[9, 3, 17, 22430, 160.14]
[10, 5, 12, 20586, 178.32]
[3, 5, 17, 20674, 158.35]
[8, 6, 16, 21178, 152.89]
#
 0,             smart,40,  0.03,  0.05,    *   -----        |                   ,  0.00,  0.13
 0,             smart,50,  0.03,  0.09,     *      ------   |                   ,  0.00,  0.25
 0,             smart,30,  0.04,  0.05, -    *  ---------   |                   ,  0.00,  0.30
#
 1,             smart,20,  0.05,  0.05,  ----  *   -        |                   ,  0.00,  0.21
 1,              dumb,30,  0.06,  0.04,    --   *  -------  |                   ,  0.01,  0.14
 1,              dumb,50,  0.07,  0.04,    --    *          |                   ,  0.00,  0.10
#
 2,              dumb,40,  0.08,  0.05,            *---     |                   ,  0.03,  0.12
 2,              dumb,20,  0.09,  0.02,      -----  *--     |                   ,  0.03,  0.15

Results for data/config/SS-B.csv:
[1, 1, 5, 7.087462841, 3.866651431]
[1, 1, 5, 7.087462841, 3.866651431]
[2, 1, 5, 7.8008999, 4.813273326]
[0, 7, 4, 8.829722735, 5.78971557]
#
 0,             smart,20,  0.00,  0.10, *        -----------|------             ,  0.00,  0.28
 0,             smart,30,  0.00,  0.00, *-------------------|---                ,  0.00,  0.25
 0,             smart,40,  0.00,  0.00, *                   |                   ,  0.00,  0.00
 0,             smart,50,  0.00,  0.00, *                   |                   ,  0.00,  0.00
#
 1,              dumb,50,  0.16,  0.16, --------       *    |                   ,  0.00,  0.30
 1,              dumb,30,  0.17,  0.16, --------        *   |   -               ,  0.00,  0.31
 1,              dumb,40,  0.17,  0.08, --------------- *   |   -               ,  0.00,  0.33
#
 2,              dumb,20,  0.25,  0.02,          -----------|---*----------     ,  0.09,  0.41

Results for data/config/SS-C.csv:
[4, 6, 10, 10710, 263.78]
[6, 6, 15, 10434, 263.27]
[5, 5, 10, 11213, 264.16]
[5, 5, 13, 10832, 269.75]
#
 0,             smart,40,  0.07,  0.01, ------- *-----------|                   ,  0.00,  0.32
#
 1,             smart,30,  0.08,  0.03,        -- * --------|-                  ,  0.00,  0.32
 1,             smart,50,  0.09,  0.02,        -  *         |                   ,  0.00,  0.29
 1,             smart,20,  0.09,  0.04,          - *   -----|                   ,  0.06,  0.17
 1,              dumb,30,  0.09,  0.04,        --  *  -     |                   ,  0.00,  0.13
 1,              dumb,50,  0.09,  0.02,            *--      |                   ,  0.07,  0.12
#
 2,              dumb,40,  0.11,  0.03,        ---   *--    |                   ,  0.00,  0.14
 2,              dumb,20,  0.11,  0.02,            - *----- |                   ,  0.06,  0.17

Results for data/config/SS-D.csv:
[1000, 2, 18, 32815, 341.28]
[1000, 2, 15, 33549, 321.53]
[1000, 2, 15, 33549, 321.53]
[1000, 2, 15, 33549, 321.53]
#
 0,             smart,50,  0.45,  0.14,          *          |-----------------  ,  0.39,  0.64
#
 1,              dumb,40,  0.49,  0.05, ------------    *   |-----              ,  0.39,  0.60
 1,              dumb,50,  0.49,  0.05, ------------    *   |                   ,  0.39,  0.55
#
 2,              dumb,20,  0.53,  0.05,             --------| *     ---------   ,  0.45,  0.63
 2,             smart,40,  0.53,  0.04, --------------------| *   ------------  ,  0.39,  0.64
 2,              dumb,30,  0.54,  0.04,          -----------|  *    ---------   ,  0.39,  0.63
 2,             smart,30,  0.55,  0.05,          -----------|    *  -----       ,  0.39,  0.63
 2,             smart,20,  0.56,  0.04,                 ----|-    * ---------   ,  0.45,  0.64

Results for data/config/SS-E.csv:
[1000, 3, 13, 59795, 172.82]
[100000.0, 2, 17, 83057, 10676]
[100000.0, 2, 16, 70660, 503.57]
[1000000.0, 2, 13, 72768, 390.52]
#
 0,              dumb,50,  0.26,  0.08,  -----     *  ------|                   ,  0.13,  0.40
 0,              dumb,40,  0.27,  0.07,      -----   *   -- |                   ,  0.17,  0.34
 0,             smart,50,  0.27,  0.13,    --        *    --|-----              ,  0.15,  0.42
#
 1,              dumb,30,  0.31,  0.07,         -----   *   |-----              ,  0.13,  0.41
 1,             smart,40,  0.31,  0.11,    ----------   *   |  ------           ,  0.13,  0.45
 1,              dumb,20,  0.31,  0.10,          -----   *  |   -----           ,  0.21,  0.44
 1,             smart,30,  0.32,  0.09,        --------   * |  ---              ,  0.17,  0.51
#
 2,             smart,20,  0.35,  0.11,      -----------    *      ------       ,  0.17,  0.55

Results for data/config/SS-F.csv:
[1000, 2, 15, 38350, 294.81]
[1000000.0, 2, 9, 72394, 58477]
[1000, 2, 12, 38846, 299.2]
[1000, 2, 18, 37037, 312.07]
#
 0,              dumb,30,  0.52,  0.05, -   *    ------     |                   ,  0.49,  0.59
 0,              dumb,40,  0.54,  0.05, -       * -----     |                   ,  0.49,  0.68
 0,              dumb,50,  0.54,  0.03,  ---    *--------   |                   ,  0.49,  0.63
 0,              dumb,20,  0.55,  0.02,  -------  * --------|--                 ,  0.49,  0.69
#
 1,             smart,50,  0.57,  0.13, -           *       |  ----             ,  0.49,  0.73
 1,             smart,20,  0.57,  0.07,         ---- *      |   -------         ,  0.49,  0.69
#
 2,             smart,30,  0.63,  0.09, ---------           |  *-------         ,  0.49,  0.69
 2,             smart,40,  0.63,  0.07, ------------        |  *                ,  0.49,  0.63

Results for data/config/SS-G.csv:
[1000, 2, 6, 28725, 399.13]
[100000.0, 2, 18, 32366, 28518]
[10000, 2, 18, 30901, 3380.6]
[1000000.0, 6, 1, 36125, 46551]
#
 0,             smart,50,  0.50,  0.14,    *                |                   ,  0.47,  0.65
 0,             smart,30,  0.50,  0.14,     *               |  -------          ,  0.47,  0.71
 0,              dumb,50,  0.50,  0.03, ----*   ------------|                   ,  0.47,  0.60
#
 1,              dumb,30,  0.53,  0.05,           *  -------|                   ,  0.50,  0.60
#
 2,             smart,20,  0.55,  0.09, ----        *       |-----------        ,  0.47,  0.67
 2,              dumb,40,  0.55,  0.05,     ----    *    ---|                   ,  0.47,  0.63
 2,              dumb,20,  0.57,  0.09,                *    |-----              ,  0.47,  0.71
 2,             smart,40,  0.59,  0.11, ---                 *                   ,  0.47,  0.71

Results for data/config/SS-H.csv:
[6, 1, 3, 1, 6.771370616, 4.850979895]
[3, 0, 4, 1, 7.285531686, 4.401580549]
[3, 0, 2, 1, 7.285531686, 4.401580549]
[3, 0, 4, 1, 7.285531686, 4.401580549]
#
 0,             smart,30,  0.30,  0.00, *                   |                   ,  0.30,  0.50
 0,             smart,40,  0.30,  0.00, *                   |                   ,  0.30,  0.30
 0,              dumb,50,  0.30,  0.14, *        ----       |                   ,  0.30,  0.67
 0,             smart,50,  0.30,  0.00, *                   |                   ,  0.30,  0.30
#
 1,              dumb,30,  0.44,  0.15,          *----------|--                 ,  0.30,  0.65
 1,              dumb,20,  0.45,  0.06, --------- *  -------|--                 ,  0.30,  0.67
 1,             smart,20,  0.50,  0.20,              *------|-----------        ,  0.30,  0.89
 1,              dumb,40,  0.51,  0.07, ---------     *-----|--                 ,  0.30,  0.70

Results for data/config/SS-I.csv:
[1, 6, 12, 10500000.0, 2048, 14532, 65.505]
[2, 6, 12, 10500000.0, 1024, 15871, 126.39]
[1, 2, 9, 1050000.0, 1024, 19209, 51.318]
[1, 2, 12, 105000000.0, 1024, 20432, 48.214]
#
 0,             smart,50,  0.01,  0.27, *                   |     ----          ,  0.00,  0.31
 0,             smart,40,  0.02,  0.28,   *                 |      ----         ,  0.00,  0.33
 0,              dumb,50,  0.02,  0.06,   *   --------------|-----              ,  0.01,  0.28
#
 1,              dumb,40,  0.07,  0.14, ---   *         ----|----------         ,  0.01,  0.32
#
 2,              dumb,30,  0.09,  0.12, ----     *      ----|-----------        ,  0.00,  0.35
 2,              dumb,20,  0.23,  0.26,   ----              | *         --      ,  0.01,  0.35
 2,             smart,30,  0.26,  0.28, -                   |   *   -----       ,  0.00,  0.36
 2,             smart,20,  0.28,  0.06,   ------------------|----- *    ------- ,  0.00,  0.41

Results for data/config/SS-J.csv:
[1, 10000, 12, 300, 1000000.0, 100000.0, 158000.0, 392.44]
[3, 10000, 18, 10, 2000000.0, 10000, 212000.0, 1204.6]
[3, 10000, 3, 120, 2000000.0, 10000, 194000.0, 1126.1]
[3, 10000, 18, 120, 100000.0, 1000, 215000.0, 1146.9]
#
 0,              dumb,40,  0.09,  0.03,  - *--              |                   ,  0.05,  0.16
 0,             smart,40,  0.09,  0.19,  - *        --------|------------------ ,  0.03,  0.82
 0,             smart,50,  0.09,  0.19, ---*        --------|------------------ ,  0.03,  0.83
 0,              dumb,30,  0.10,  0.04,   -* -              |                   ,  0.04,  0.28
 0,             smart,30,  0.10,  0.19, -- *        ------  |                   ,  0.03,  0.82
 0,              dumb,50,  0.11,  0.04,  - *-               |                   ,  0.03,  0.19
#
 1,              dumb,20,  0.14,  0.19,   -  *      ---     |                   ,  0.07,  0.36
#
 2,             smart,20,  0.23,  0.34,   -      *          |--------------     ,  0.07,  0.82

Results for data/config/SS-K.csv:
[3, 10, 3, 6, 6, 10, 19217, 17.841]
[1, 10000, 1, 6, 12, 10, 28005, 3364.2]
[3, 1000, 1, 6, 6, 1000, 27557, 1640.1]
[3, 1000, 100, 3, 3, 100, 21768, 1974.6]
#
 0,             smart,40,  0.14,  0.30,  -    *            -|-----              ,  0.02,  0.51
 0,              dumb,50,  0.15,  0.12,   ---  *    --------|                   ,  0.05,  0.43
 0,             smart,50,  0.15,  0.29,  --    *           -|--                 ,  0.03,  0.45
 0,              dumb,30,  0.19,  0.18,   --     *    ------|-                  ,  0.05,  0.47
 0,              dumb,40,  0.21,  0.09,    ----   * ------  |                   ,  0.07,  0.45
#
 1,              dumb,20,  0.29,  0.22,   -------      *    |---                ,  0.03,  0.50
#
 2,             smart,30,  0.44,  0.28,  ---------          |  *  ------------- ,  0.02,  0.72
 2,             smart,20,  0.46,  0.30,    --------         |    *  ----        ,  0.05,  0.62

Results for data/config/SS-L.csv:
[1, 0, 1, 0, 1, 0, 1, 1, 1, 0, 0, 228.26, 18]
[1, 0, 1, 1, 1, 1, 1, 1, 0, 0, 0, 215.73, 14]
[1, 0, 1, 1, 1, 0, 0, 1, 0, 0, 0, 215.85, 14]
[1, 1, 0, 1, 1, 0, 0, 1, 0, 0, 0, 212.94, 14]
#
 0,             smart,40,  0.17,  0.02, *-                  |                   ,  0.17,  0.43
 0,             smart,50,  0.17,  0.00, *-                  |                   ,  0.17,  0.71
#
 1,             smart,30,  0.19,  0.03, -*------------------|-                  ,  0.17,  0.94
#
 2,              dumb,20,  0.22,  0.03, --* ----------      |                   ,  0.17,  0.46
 2,             smart,20,  0.22,  0.20, - *        ---------|-------------      ,  0.17,  0.89
 2,              dumb,30,  0.22,  0.04, - *-                |                   ,  0.17,  0.46
 2,              dumb,40,  0.22,  0.01, --*                 |                   ,  0.17,  0.44
 2,              dumb,50,  0.22,  0.03, - *                 |                   ,  0.17,  0.26

Results for data/config/SS-M.csv:
[0, 1, 1, 0, 1, 0, 0, 1, 1, 1, 0, 0, 0, 1, 0, 0, 0, 6.6662, 250.6, 2.037751]
[0, 1, 1, 0, 1, 0, 1, 0, 1, 1, 0, 0, 0, 0, 0, 1, 0, 6.652, 249.6, 2.137624]
[0, 0, 0, 0, 1, 0, 1, 0, 1, 1, 0, 0, 0, 1, 1, 1, 0, 6.6232, 248.4, 2.053942]
[0, 0, 0, 0, 1, 0, 1, 0, 1, 1, 0, 0, 0, 0, 0, 0, 0, 6.6646, 248.6, 2.082791]
#
 0,             smart,30,  0.00,  0.00, *                   |                   ,  0.00,  0.01
 0,             smart,40,  0.00,  0.00, *                   |                   ,  0.00,  0.01
 0,             smart,50,  0.00,  0.00, *                   |                   ,  0.00,  0.01
 0,             smart,20,  0.01,  0.00, *-------------------|------------------ ,  0.00,  0.15
 0,              dumb,50,  0.01,  0.00,  *                  |                   ,  0.00,  0.01
 0,              dumb,30,  0.01,  0.00, -*                  |                   ,  0.00,  0.02
 0,              dumb,20,  0.01,  0.00, -*--                |                   ,  0.00,  0.03
 0,              dumb,40,  0.01,  0.00,  *                  |                   ,  0.00,  0.02

Results for data/config/SS-N.csv:
[1, 0, 0, 0, 9, 21, 8, 51, 9, 43, -67, 0, 1000, 167, 81, 418, 0, 26.711, 1318.429266]
[0, 0, 0, 0, 1, 3, 0.6, 51, 3, 40, 0, 4, 250, 23, 40, 0, 0, 32.242, 2225.913165]
[1, 0, 0, 0, 1.5, 13, 0.2, 26, 6, 63, 50, 128, 1000, 40, 76, 0, 0, 28.914, 557.9513731]
[0, 0, 1, 1, 1, 7, 0.4, 26, 2, 187, 0, 0, 501, 50, 76, 0, 1.5, 29.985, 540.0131197]
#
 0,              dumb,40,  0.18,  0.04,            ----   * |-------------      ,  0.12,  0.27
 0,              dumb,50,  0.18,  0.05,             -----  *|     -----         ,  0.07,  0.27
 0,              dumb,30,  0.21,  0.09,           -----     |  *      -----     ,  0.07,  0.28
#
 1,              dumb,20,  0.25,  0.06,               ------|          *---     ,  0.13,  0.29
#
 2,             smart,50,  0.27,  0.01,                    -|----------  *      ,  0.13,  0.31
 2,             smart,20,  0.27,  0.02,                   --|----------  *      ,  0.15,  0.28
 2,             smart,40,  0.27,  0.01,                 ----|----------- *--    ,  0.14,  0.29
 2,             smart,30,  0.27,  0.01,                  ---|------------ *-    ,  0.06,  0.29

Results for data/config/SS-O.csv:
[1, 1, 1, 0, 1, 0, 1, 1, 65536, 512, 1, 60.8158, 1.262369]
[1, 1, 1, 0, 1, 0, 0, 0, 256, 512, 8, 62.76702, 1.199561]
[1, 1, 1, 0, 1, 0, 1, 0, 4096, 64, 1, 65.21644, 1.384752]
[1, 1, 1, 0, 1, 0, 0, 1, 4096, 512, 1, 59.61866, 1.354097]
#
 0,             smart,50,  0.20,  0.03, -   *-------------  |                   ,  0.17,  0.30
 0,             smart,20,  0.21,  0.05, --   *  ------------|----               ,  0.17,  0.35
 0,             smart,30,  0.21,  0.05, -    *  ------------|----               ,  0.17,  0.41
#
 1,             smart,40,  0.22,  0.03,  ---   *------------|                   ,  0.17,  0.31
 1,              dumb,50,  0.22,  0.02,  ----  *-----       |                   ,  0.17,  0.27
#
 2,              dumb,40,  0.24,  0.06,  ------   *     ----|---                ,  0.17,  0.36
 2,              dumb,30,  0.25,  0.04,      ---    * ------|------             ,  0.17,  0.37
 2,              dumb,20,  0.26,  0.06,       -----  *      |--------------     ,  0.20,  0.45

Results for data/config/SS-P.csv:
[1, 1, 0, 0, 1, 1, 0, 1, 0, 0, 0, 214.38, 15]
[1, 1, 1, 1, 1, 0, 0, 1, 1, 0, 0, 230.54, 18]
[1, 0, 0, 1, 0, 0, 1, 1, 0, 0, 0, 209.84, 14]
[1, 0, 0, 1, 1, 0, 0, 1, 0, 0, 0, 211.19, 14]
#
 0,             smart,40,  0.17,  0.00, *-                  |                   ,  0.17,  0.22
 0,             smart,50,  0.17,  0.00, *-                  |                   ,  0.17,  0.22
#
 1,             smart,20,  0.19,  0.06,  *                  |                   ,  0.17,  0.94
 1,             smart,30,  0.19,  0.06,  *                  |                   ,  0.17,  0.22
 1,              dumb,50,  0.20,  0.03, -*---               |                   ,  0.17,  0.40
#
 2,              dumb,20,  0.22,  0.03,  -* -----------     |                   ,  0.17,  0.48
 2,              dumb,30,  0.22,  0.02, --*----------       |                   ,  0.17,  0.53
 2,              dumb,40,  0.22,  0.02, --*-                |                   ,  0.17,  0.39

Results for data/config/SS-Q.csv:
[1, 1, 0, 0, 1, 0, 1, 0, 0, 1, 2, 5, 0, 8211.2, 322.2, 28.0775]
[1, 1, 0, 0, 1, 1, 1, 0, 1, 1, 1, 0, 0, 7912.2, 316.6, 29.183929]
[0, 1, 0, 0, 1, 1, 0, 0, 1, 1, 2, 0, 6, 7974.4, 329.6, 28.107857]
[0, 1, 0, 0, 1, 0, 0, 0, 1, 1, 1, 5, 0, 8289.8, 328, 29.1225]
#
 0,             smart,30,  0.06,  0.12, -*                 -|------------       ,  0.05,  0.28
 0,              dumb,40,  0.06,  0.02, -* ----             |                   ,  0.05,  0.25
 0,              dumb,50,  0.07,  0.01, - *---              |                   ,  0.05,  0.10
 0,              dumb,30,  0.07,  0.03, -  * -----          |                   ,  0.05,  0.13
 0,             smart,20,  0.07,  0.13, -  *                |----               ,  0.05,  0.21
 0,             smart,50,  0.07,  0.13, -  *                |----------         ,  0.05,  0.29
#
 1,              dumb,20,  0.09,  0.04,  ---  *    ---------|----------         ,  0.05,  0.30
 1,             smart,40,  0.10,  0.14, -       *           | -------           ,  0.05,  0.27

Results for data/config/SS-R.csv:
[0, 1, 0, 1, 0, 1, 0, 0, 0, 1, 1, 1, 5, 0, 50415.2, 4.380706]
[0, 1, 0, 1, 0, 1, 0, 0, 1, 0, 1, 4, 15, 3, 50645, 4.354235]
[0, 1, 0, 1, 0, 1, 0, 0, 0, 0, 0, 1, 0, 6, 50735.2, 4.369459]
[0, 1, 0, 1, 0, 1, 0, 0, 1, 1, 0, 1, 0, 3, 50427.4, 4.4092]
#
 0,             smart,50,  0.20,  0.05,  ---  *  -------    |                   ,  0.14,  0.36
 0,              dumb,50,  0.21,  0.02,      - *-           |                   ,  0.19,  0.23
 0,              dumb,30,  0.22,  0.03,      - * ---------  |                   ,  0.14,  0.33
 0,              dumb,40,  0.22,  0.02,     -- *--          |                   ,  0.15,  0.27
 0,             smart,20,  0.22,  0.04,   ----  * ----------|                   ,  0.14,  0.36
 0,             smart,40,  0.23,  0.05,   ---    *----------|                   ,  0.14,  0.36
 0,             smart,30,  0.23,  0.09,       -- *       ---|                   ,  0.14,  0.36
 0,              dumb,20,  0.24,  0.08,        --*      ----|                   ,  0.18,  0.55

Results for data/config/SS-S.csv:
[1, 100, 1, 120, 100000.0, 10000, 5766.9, 167.86]
[1, 100, 1, 1, 1000000.0, 10000, 1077.7, 228.81]
[1, 10, 1, 1, 100000.0, 100000.0, 112.56, 217.63]
[1, 10, 2, 1, 2000000.0, 100000.0, 363.06, 152.7]
#
 0,              dumb,50,  0.01,  0.02, *  -                |                   ,  0.00,  0.05
 0,              dumb,40,  0.01,  0.02, *  -                |                   ,  0.00,  0.05
 0,             smart,30,  0.02,  0.02,  * ---------        |                   ,  0.00,  0.09
 0,             smart,40,  0.02,  0.02,    *---             |                   ,  0.00,  0.09
 0,             smart,50,  0.02,  0.05,    *   --------     |                   ,  0.00,  0.25
 0,              dumb,30,  0.03,  0.03,    *--              |                   ,  0.00,  0.05
 0,             smart,20,  0.03,  0.02, -  * ----------     |                   ,  0.00,  0.10
 0,              dumb,20,  0.03,  0.02, --- * ---           |                   ,  0.00,  0.06

Results for data/config/SS-T.csv:
[0, 1, 1, 0, 0, 0, 0, 0, 1, 4, 1, 18, 67616.4, 28.096313]
[0, 1, 1, 0, 0, 0, 0, 0, 1, 1, 1, 2, 65633.8, 30.06158]
[0, 1, 0, 1, 0, 0, 0, 1, 1, 1, 1, 18, 25282.4, 30.923723]
[0, 1, 0, 0, 0, 0, 1, 1, 0, 5, 1, 18, 85994.2, 27.851]
#
 0,              dumb,40,  0.04,  0.01,   * ------------    |                   ,  0.04,  0.11
 0,              dumb,50,  0.05,  0.02,    *  -----         |                   ,  0.04,  0.08
#
 1,              dumb,30,  0.06,  0.02, ---    *----------- |                   ,  0.04,  0.13
 1,             smart,40,  0.06,  0.03, ----   *     ------ |                   ,  0.04,  0.13
 1,             smart,50,  0.06,  0.02, ---    * --------   |                   ,  0.04,  0.11
 1,              dumb,20,  0.07,  0.04, ----     *      ----|                   ,  0.04,  0.11
#
 2,             smart,30,  0.08,  0.02,     -----    *--    |                   ,  0.04,  0.10
#
 3,             smart,20,  0.10,  0.03,       --------   *  | ------            ,  0.04,  0.18

Results for data/config/SS-U.csv:
[1, 0, 0, 0, 0, 0, 0, 0, 1, 0, 0, 1, 1, 1, 0, 0, 1, 0, 1, 0, 0, 46.606, 47.272137]
[1, 0, 0, 1, 1, 0, 1, 0, 1, 0, 0, 1, 1, 0, 1, 0, 1, 0, 1, 0, 0, 63.122, 47.077786]
[1, 1, 1, 0, 0, 0, 0, 1, 1, 0, 1, 0, 1, 0, 1, 0, 1, 0, 1, 0, 0, 61.056, 47.066268]
[1, 1, 1, 0, 1, 0, 1, 1, 1, 0, 1, 0, 1, 0, 1, 0, 1, 0, 1, 0, 0, 59.296, 47.148265]
#
 0,             smart,50,  0.31,  0.00, *-                  |                   ,  0.31,  0.59
 0,             smart,30,  0.32,  0.00, -*                  |                   ,  0.31,  0.33
 0,             smart,40,  0.32,  0.00, -*                  |                   ,  0.31,  0.36
 0,              dumb,50,  0.32,  0.00,  *                  |                   ,  0.31,  0.33
 0,             smart,20,  0.32,  0.01,  *------------------|----------------   ,  0.31,  0.62
 0,              dumb,40,  0.32,  0.01,   *                 |                   ,  0.31,  0.33
 0,              dumb,30,  0.32,  0.01,  -*                 |                   ,  0.31,  0.33
 0,              dumb,20,  0.33,  0.01,   *-                |                   ,  0.31,  0.34

Results for data/config/SS-V.csv:
[0, 1, 0, 0, 0, 0, 1, 1, 0, 0, 0, 0, 0, 0, 1, 1.024, 208741.6, 24.987536]
[1, 0, 0, 0, 0, 0, 1, 1, 0, 1, 0, 0, 0, 1, 50, 0.512, 225191.2, 31.332505]
[0, 1, 0, 0, 0, 0, 1, 1, 0, 1, 1, 0, 1, 1, 1, 1.024, 214960.2, 26.543394]
[0, 1, 0, 0, 0, 0, 0, 0, 0, 1, 1, 0, 1, 0, 1, 0.512, 213855.2, 25.875044]
#
 0,             smart,50,  0.02,  0.00, --*--------------   |                   ,  0.00,  0.26
#
 1,             smart,40,  0.04,  0.02,    *----------------|-----------        ,  0.01,  0.35
#
 2,             smart,30,  0.05,  0.07,     *   ------------|----               ,  0.01,  0.30
#
 3,              dumb,50,  0.09,  0.03,    ---  *-----------|---                ,  0.03,  0.26
 3,              dumb,40,  0.10,  0.15,     ---- *          | -----             ,  0.03,  0.29
 3,             smart,20,  0.20,  0.19,   --              * |  ---              ,  0.01,  0.38
#
 4,              dumb,20,  0.26,  0.25,   -------           |    *       ------ ,  0.02,  0.42
 4,              dumb,30,  0.27,  0.06,     ----------------|-   * -----        ,  0.02,  0.35

Results for data/config/SS-W.csv:
[0, 0, 1, 0, 0, 1, 0, 0, 0, 0, 0, 1, 0, 0, 1, 0, 63363.8, 25.959196]
[1, 1, 0, 0, 1, 0, 1, 0, 1, 0, 1, 1, 0, 1, 0, 1, 70943.4, 25.873505]
[0, 1, 1, 0, 0, 0, 1, 1, 0, 0, 1, 1, 1, 0, 0, 1, 74237.8, 25.775135]
[0, 1, 0, 0, 0, 0, 1, 0, 0, 0, 1, 1, 1, 1, 0, 0, 65818.6, 25.539776]
#
 0,             smart,40,  0.32,  0.05,              -----  | * --------        ,  0.22,  0.43
 0,             smart,50,  0.33,  0.03,               ------| *------           ,  0.11,  0.39
 0,             smart,30,  0.34,  0.06,                    -|  *  --------      ,  0.20,  0.45
 0,              dumb,50,  0.35,  0.08,                   --|    *   --         ,  0.26,  0.48
#
 1,              dumb,30,  0.36,  0.07,                    -|---  *    --       ,  0.27,  0.44
 1,              dumb,40,  0.36,  0.08,             --------|     *  -------    ,  0.16,  0.46
 1,              dumb,20,  0.38,  0.07,                    -|---    *   -----   ,  0.26,  0.49
 1,             smart,20,  0.39,  0.05,                     |----    *-----     ,  0.26,  0.49

Results for data/config/SS-X.csv:
[1, 0, 0, 0, 1, 3, 0, 4, 32, 32, 128, 4662, 7.0775]
[1, 0, 0, 0, 0, 1, 0, 4, 16, 16, 10, 2869.4, 5.500645]
[1, 0, 0, 0, 1, 3, 0, 2, 10, 16, 64, 4764.6, 7.479355]
[1, 0, 0, 0, 0, 1, 0, 3, 0, 16, 8, 2818.6, 5.427298]
#
 0,             smart,50,  0.24,  0.02,                 -  *|                   ,  0.02,  0.40
 0,             smart,40,  0.25,  0.03,                  -  *---------          ,  0.22,  0.41
 0,             smart,30,  0.26,  0.05,                  -- *  ----------       ,  0.21,  0.41
#
 1,             smart,20,  0.27,  0.06,                    -|*    ----------    ,  0.23,  0.44
 1,              dumb,40,  0.28,  0.05,                     | *  -----------    ,  0.23,  0.44
#
 2,              dumb,20,  0.29,  0.08,                     |- *     -------    ,  0.25,  0.48
 2,              dumb,30,  0.29,  0.06,                    -|-  *  -------      ,  0.23,  0.46
 2,              dumb,50,  0.30,  0.04,                     |-  *----------     ,  0.24,  0.43

Results for data/config/X264_AllMeasurements.csv:
[1, 1, 0, 1, 1, 1, 1, 1, 1, 0, 0, 1, 1, 1, 0, 0, 291.237]
[1, 1, 0, 0, 0, 0, 0, 0, 1, 1, 0, 0, 1, 1, 0, 0, 254.587]
[1, 1, 1, 0, 0, 0, 1, 1, 1, 1, 0, 0, 1, 1, 0, 0, 244.333]
[1, 1, 1, 1, 0, 0, 1, 1, 1, 1, 0, 0, 1, 1, 0, 0, 244.28]
#
 0,             smart,30,  0.00,  0.00, *-                  |                   ,  0.00,  0.01
 0,             smart,40,  0.00,  0.00, *                   |                   ,  0.00,  0.01
 0,             smart,50,  0.00,  0.00, *-                  |                   ,  0.00,  0.01
 0,             smart,20,  0.00,  0.00, *---                |                   ,  0.00,  0.01
 0,              dumb,50,  0.01,  0.01, - *   --------      |                   ,  0.00,  0.03
 0,              dumb,40,  0.01,  0.01, - *    ------       |                   ,  0.00,  0.03
 0,              dumb,30,  0.01,  0.01, --  *  --------     |                   ,  0.00,  0.08
 0,              dumb,20,  0.01,  0.03, --    *        -----|--                 ,  0.00,  0.08

Results for data/hpo/healthCloseIsses12mths0001-hard.csv:
[74.56, 7.28, 25, 90, 'squared_error', 12, 0.25, 17]
[73.04, 16.13, 25, 110, 'squared_error', 2, 1, 4]
[73.68, 7.55, 25, 100, 'poisson', 6, 7.75, 13]
[79.52, 22.02, 25, 80, 'squared_error', 1, 0.75, 16]
#
 0,             smart,30,  0.51,  0.02,                     |  -----  *         ,  0.37,  0.53
 0,              dumb,50,  0.51,  0.04,                   --|----     *-        ,  0.33,  0.59
 0,              dumb,30,  0.52,  0.03,                     |  -----   *-       ,  0.40,  0.54
 0,              dumb,40,  0.52,  0.04,         ------------|------    *        ,  0.28,  0.54
 0,             smart,20,  0.52,  0.02,                     |        - *-       ,  0.49,  0.54
 0,             smart,40,  0.52,  0.01,                     |     ---- *-       ,  0.39,  0.54
 0,             smart,50,  0.52,  0.03,                     | ------   *        ,  0.34,  0.54
 0,              dumb,20,  0.53,  0.01,                     |   ------- *       ,  0.36,  0.54

Results for data/hpo/healthCloseIsses12mths0011-easy.csv:
[0, 0, 83.33333333, 70, 'absolute_error', 6, 9.25, 15]
[0, 0, 83.33333333, 130, 'absolute_error', 5, 1.5, 1]
[0, 0, 83.33333333, 40, 'absolute_error', 2, 1.5, 12]
[0, 0, 83.33333333, 160, 'absolute_error', 6, 0.5, 10]
#
 0,              dumb,20,  0.00,  0.00, *                   |                   ,  0.00,  0.00
 0,             smart,20,  0.00,  0.00, *-------------------|------------------ ,  0.00,  1.00
 0,              dumb,30,  0.00,  0.00, *                   |                   ,  0.00,  0.00
 0,             smart,30,  0.00,  0.00, *                   |                   ,  0.00,  0.00
 0,              dumb,40,  0.00,  0.00, *                   |                   ,  0.00,  0.00
 0,             smart,40,  0.00,  0.00, *                   |                   ,  0.00,  0.00
 0,              dumb,50,  0.00,  0.00, *                   |                   ,  0.00,  0.00
 0,             smart,50,  0.00,  0.00, *                   |                   ,  0.00,  0.00

Results for data/misc/HSMGP_num.csv:
[0.0, 0.0, 0.0, 0.0, 0.0, 0.0, 1.0, 1.0, 0.0, 0.0, 0.0, 0.333, 0.0, 0.048, 127.737]
[0.0, 0.0, 0.0, 0.0, 1.0, 0.0, 0.0, 1.0, 0.0, 0.0, 0.0, 0.167, 0.167, 0.048, 132.977]
[0.0, 0.0, 0.0, 0.0, 1.0, 0.0, 0.0, 0.0, 0.0, 0.0, 1.0, 0.167, 0.0, 1.0, 161.369]
[0.0, 0.0, 0.0, 0.0, 0.0, 1.0, 0.0, 1.0, 0.0, 0.0, 0.0, 0.0, 0.5, 0.0, 162.486]
#
 0,             smart,50,  0.00,  0.01, *        ---------  |                   ,  0.00,  0.02
 0,             smart,30,  0.00,  0.00,  *  --------------  |                   ,  0.00,  0.01
 0,             smart,40,  0.00,  0.00,  *     ------------ |                   ,  0.00,  0.02
 0,             smart,20,  0.00,  0.00,   *     ------------|-------            ,  0.00,  0.02
 0,              dumb,50,  0.00,  0.00,   --   *    --------|---                ,  0.00,  0.02
 0,              dumb,40,  0.01,  0.01, ------   *      ----|                   ,  0.00,  0.01
 0,              dumb,30,  0.01,  0.00,     -----  * -------|                   ,  0.00,  0.02
 0,              dumb,20,  0.01,  0.01,     ------    *     | ----------------  ,  0.00,  0.02

Results for data/misc/Wine_quality.csv:
[7.9, 1.04, 0.05, 2.2, 0.084, 13, 29, 0.9959, 3.22, 0.55, 9.9, 6]
[8.5, 0.585, 0.18, 2.1, 0.078, 5, 30, 0.9967, 3.2, 0.48, 9.8, 6]
[6.6, 0.5, 0.04, 2.1, 0.068, 6, 14, 0.9955, 3.39, 0.64, 9.4, 6]
[14.3, 0.31, 0.74, 1.8, 0.075, 6, 15, 1.0008, 2.86, 0.79, 8.4, 6]
#
 0,             smart,50,  0.22,  0.12,   *              ---|-------            ,  0.20,  0.40
 0,             smart,40,  0.25,  0.18, --    *             |                   ,  0.20,  0.40
#
 1,              dumb,50,  0.28,  0.17, ----       *        |                   ,  0.20,  0.40
 1,              dumb,30,  0.37,  0.15, ------              |   *               ,  0.20,  0.40
#
 2,              dumb,20,  0.40,  0.08,     -------------   |       *           ,  0.20,  0.48
 2,             smart,20,  0.40,  0.06,       ------------- |       *           ,  0.20,  0.43
 2,             smart,30,  0.40,  0.06, ------------------- |       *--         ,  0.20,  0.42
 2,              dumb,40,  0.40,  0.11,   -----------       |       *--         ,  0.20,  0.45

Results for data/misc/auto93.csv:
[4, 79, 67, 74, 3, 1950, 19, 30]
[4, 97, 46, 73, 2, 1950, 21, 30]
[4, 79, 58, 77, 2, 1825, 18.6, 40]
[4, 97, 52, 82, 2, 2130, 24.6, 40]
#
 0,             smart,30,  0.25,  0.07, *    ---------------|                   ,  0.25,  0.75
 0,             smart,50,  0.25,  0.00, *-------------------|                   ,  0.25,  0.50
#
 1,             smart,20,  0.32,  0.25,      *              |                   ,  0.25,  0.50
 1,             smart,40,  0.32,  0.21,      *           ---|                   ,  0.25,  0.75
 1,              dumb,50,  0.33,  0.15,       *     --------|                   ,  0.25,  0.50
 1,              dumb,40,  0.38,  0.25,           *         |                   ,  0.25,  0.50
 1,              dumb,30,  0.41,  0.25,             *       |                   ,  0.25,  0.50
 1,              dumb,20,  0.45,  0.25,                *    |                   ,  0.25,  0.75

Results for data/misc/rs-6d-c3_obj1.csv:
[1.0, 10.0, 1.0, 10.0, 2000000.0, 100000.0, 1095.1]
[3.0, 100.0, 1.0, 60.0, 10000000.0, 100000.0, 90.529]
[3.0, 10.0, 1.0, 1.0, 10000000.0, 100000.0, 91.688]
[3.0, 100.0, 1.0, 10.0, 2000000.0, 100000.0, 89.333]
#
 0,             smart,50,  0.00,  0.00, *-------------------|--------           ,  0.00,  0.08
 0,             smart,40,  0.00,  0.00, *----------         |                   ,  0.00,  0.03
 0,             smart,30,  0.00,  0.00, *------------       |                   ,  0.00,  0.04
 0,              dumb,40,  0.00,  0.00, *                   |                   ,  0.00,  0.02
 0,             smart,20,  0.00,  0.00, *---                |                   ,  0.00,  0.02
 0,              dumb,50,  0.00,  0.00, *                   |                   ,  0.00,  0.00
 0,              dumb,30,  0.00,  0.00, *                   |                   ,  0.00,  0.02
 0,              dumb,20,  0.00,  0.00,  *----------------  |                   ,  0.00,  0.04

Results for data/misc/rs-6d-c3_obj2.csv:
[1.0, 10.0, 6.0, 300.0, 2000000.0, 10000.0, 1.9466]
[1.0, 10.0, 18.0, 60.0, 100000.0, 100000.0, 2.1398]
[1.0, 10.0, 6.0, 10.0, 100000.0, 100000.0, 1.9786]
[1.0, 10.0, 9.0, 10.0, 1000000.0, 100000.0, 2.0084]
#
 0,             smart,50,  0.00,  0.00, *--                 |                   ,  0.00,  0.00
 0,              dumb,40,  0.00,  0.00, *                   |                   ,  0.00,  0.00
 0,             smart,40,  0.00,  0.00, *                   |                   ,  0.00,  0.00
 0,              dumb,50,  0.00,  0.00, *                   |                   ,  0.00,  0.00
 0,              dumb,30,  0.00,  0.00, *                   |                   ,  0.00,  0.00
 0,             smart,30,  0.00,  0.00, *  -----------------|                   ,  0.00,  0.00
 0,             smart,20,  0.00,  0.00, *                   |                   ,  0.00,  0.00
 0,              dumb,20,  0.00,  0.00, *--                 |                   ,  0.00,  0.00

Results for data/misc/sol-6d-c2-obj1.csv:
[3.0, 1000.0, 2.0, 10.0, 1000000.0, 2.0, 1032.8]
[3.0, 10000.0, 5.0, 1000.0, 1000000.0, 6.0, 12.44]
[1.0, 10000.0, 5.0, 1000.0, 1000000.0, 1.0, -133.21]
[1.0, 1000.0, 5.0, 10.0, 1000000.0, 6.0, 254.06]
#
 0,             smart,50,  0.01,  0.00,           *-        |                   ,  0.01,  0.02
 0,             smart,40,  0.01,  0.00,        -  *--       |                   ,  0.00,  0.02
 0,             smart,30,  0.01,  0.00,           *-        |                   ,  0.01,  0.02
 0,             smart,20,  0.01,  0.00,         -- *        |                   ,  0.01,  0.02
 0,              dumb,40,  0.02,  0.00,           - *       |                   ,  0.00,  0.02
 0,              dumb,50,  0.02,  0.00,           - *-      |                   ,  0.01,  0.02
 0,              dumb,30,  0.02,  0.00,           --*-      |                   ,  0.01,  0.02
 0,              dumb,20,  0.02,  0.00,             -*------|                   ,  0.01,  0.05

Results for data/misc/wc+rs-3d-c4-obj1.csv:
[1, 3, 18, 5160.4]
[1, 1, 12, 4275.4]
[1, 1, 18, 4382.4]
[1, 1, 18, 4382.4]
#
 0,             smart,30,  0.00,  0.00, *-----              |                   ,  0.00,  0.02
 0,             smart,40,  0.00,  0.00, *                   |                   ,  0.00,  0.00
 0,             smart,50,  0.00,  0.00, *                   |                   ,  0.00,  0.00
 0,              dumb,40,  0.00,  0.00, -*-----             |                   ,  0.00,  0.01
 0,              dumb,30,  0.00,  0.00,  *-                 |                   ,  0.00,  0.01
 0,              dumb,50,  0.00,  0.00, -*                  |                   ,  0.00,  0.01
 0,             smart,20,  0.00,  0.00,  *---------         |                   ,  0.00,  0.07
 0,              dumb,20,  0.01,  0.00, -  *-----           |                   ,  0.00,  0.07

Results for data/misc/wc+sol-3d-c4-obj1.csv:
[1, 1, 15, 3983.3]
[1, 1, 3, 4098.6]
[1, 1, 3, 4098.6]
[1, 1, 15, 3983.3]
#
 0,             smart,30,  0.00,  0.00, *    ---------------|------             ,  0.00,  0.01
 0,             smart,40,  0.00,  0.00, *                   |                   ,  0.00,  0.00
 0,             smart,50,  0.00,  0.00, *----               |                   ,  0.00,  0.00
 0,              dumb,50,  0.00,  0.00,   *--------         |                   ,  0.00,  0.01
 0,             smart,20,  0.00,  0.00,      *--------------|------------------ ,  0.00,  0.01
 0,              dumb,30,  0.00,  0.00,   -  *----          |                   ,  0.00,  0.01
 0,              dumb,40,  0.00,  0.00,   --- *----         |                   ,  0.00,  0.00
 0,              dumb,20,  0.00,  0.00, ---   *    ---------|------------       ,  0.00,  0.01

Results for data/misc/wc+wc-3d-c4-obj1.csv:
[1, 1, 9, 4156.9]
[1, 1, 3, 4160.1]
[1, 2, 18, 4236.2]
[1, 1, 9, 4156.9]
#
 0,             smart,30,  0.00,  0.00, *-                  |                   ,  0.00,  0.00
 0,             smart,40,  0.00,  0.00, *-                  |                   ,  0.00,  0.00
 0,             smart,50,  0.00,  0.00, *                   |                   ,  0.00,  0.00
 0,              dumb,50,  0.00,  0.00, -*                  |                   ,  0.00,  0.01
 0,              dumb,40,  0.00,  0.00, -*---               |                   ,  0.00,  0.01
 0,              dumb,30,  0.00,  0.00, -*-----             |                   ,  0.00,  0.01
 0,             smart,20,  0.00,  0.02,   *    -------------|-----------------  ,  0.00,  0.08
 0,              dumb,20,  0.01,  0.00,   *---              |                   ,  0.00,  0.01

Results for data/misc/wc-6d-c1-obj1.csv:
[1, 2, 100, 1, 12, 100, 196.24]
[1, 1, 100, 3, 3, 1000, 102.44]
[1, 2, 100, 2, 6, 10, 177.18]
[1, 2, 100, 6, 1, 10, 195]
#
 0,             smart,40,  0.00,  0.00, *-----------        |                   ,  0.00,  0.06
 0,             smart,30,  0.00,  0.00, *-------------------|------------       ,  0.00,  0.16
 0,             smart,20,  0.00,  0.02, *    -------------- |                   ,  0.00,  0.16
 0,              dumb,30,  0.00,  0.00, *--                 |                   ,  0.00,  0.02
 0,              dumb,50,  0.00,  0.00, *                   |                   ,  0.00,  0.01
 0,             smart,50,  0.00,  0.00, *-------------------|-----------        ,  0.00,  0.16
 0,              dumb,40,  0.00,  0.00, *----               |                   ,  0.00,  0.02
 0,              dumb,20,  0.01,  0.01,  * -----------      |                   ,  0.00,  0.07

Results for data/old/china.csv:
[409, 303, 0, 266, 0, 0, 25, 0, 291, 0, 1.1, 1.1, 1.3, 1.4, 1, 0, 1, 396, 329]
[449, 56, 3, 19, 10, 24, 0, 56, 0, 0, 3, 3, 3, 3, 2, 0, 3, 170, 170]
[156, 25, 0, 28, 0, 0, 0, 0, 28, 0, 5.6, 5, 5.6, 5, 1, 0, 3, 140, 140]
[219, 64, 20, 28, 10, 7, 0, 65, 0, 0, 2.2, 2.2, 2.2, 2.2, 2, 0, 3, 140, 140]
#
 0,             smart,30,  0.00,  0.00, *    ----           |                   ,  0.00,  0.00
 0,             smart,40,  0.00,  0.00, *    ----           |                   ,  0.00,  0.00
 0,             smart,50,  0.00,  0.00, *----               |                   ,  0.00,  0.00
 0,             smart,20,  0.00,  0.00, ---------*        --|                   ,  0.00,  0.00
 0,              dumb,40,  0.00,  0.00,      ----*  ------  |                   ,  0.00,  0.01
 0,              dumb,30,  0.00,  0.00,       -   *      ---|------------       ,  0.00,  0.01
 0,              dumb,50,  0.00,  0.00,      ----   * -     |                   ,  0.00,  0.00
 0,              dumb,20,  0.00,  0.00,        -------    * |        ---------  ,  0.00,  0.01

Results for data/process/coc1000.csv:
[1556, 2, 2, 1, 6, 3, 2, 6, 5, 4, 2, 4, 2, 4, 5, 5, 2, 3, 3, 4, 3, 3, 5, 6, 25479]
[1402, 3, 3, 4, 3, 4, 1, 3, 3, 2, 3, 2, 6, 1, 3, 2, 3, 3, 4, 6, 6, 4, 2, 4, 19664]
[1673, 5, 2, 4, 2, 3, 3, 3, 4, 5, 1, 2, 6, 5, 4, 1, 6, 5, 5, 4, 4, 3, 5, 1, 6320]
[1540, 2, 2, 5, 1, 4, 3, 3, 5, 5, 2, 2, 1, 4, 3, 1, 3, 4, 3, 5, 4, 4, 2, 2, 22927]
#
 0,              dumb,40,  0.29,  0.11,    *    ------------|                   ,  0.25,  0.50
 0,              dumb,50,  0.31,  0.10,     *   ----------  |                   ,  0.25,  0.49
 0,             smart,40,  0.35,  0.11, ---     *   ------  |                   ,  0.25,  0.50
#
 1,             smart,50,  0.37,  0.12, --       *  --------|                   ,  0.25,  0.50
#
 2,              dumb,30,  0.40,  0.18,   ---       *       |                   ,  0.25,  0.50
#
 3,             smart,30,  0.47,  0.21, ---              *  |                   ,  0.25,  0.50
 3,              dumb,20,  0.50,  0.13,    ------           *---                ,  0.25,  0.75
 3,             smart,20,  0.50,  0.18, -----               *--------           ,  0.25,  0.75

Results for data/process/nasa93dem.csv:
[14, 1, 1980, 'h', 'h', 'h', 'vh', 'n', 'n', 'l', 'h', 'n', 'n', 'n', 'n', 'h', 'h', 'h', 'n', 'h', 'l', 'vl', 'n', 'n', 'n', 100, 215, 5434, 30.1]
[47, 5, 1977, 'h', 'h', 'h', 'vh', 'h', 'n', 'n', 'n', 'n', 'n', 'n', 'n', 'l', 'h', 'vh', 'n', 'vh', 'l', 'h', 'n', 'n', 'n', 190, 420, 5092, 30.3]
[47, 5, 1977, 'h', 'h', 'h', 'vh', 'h', 'n', 'n', 'n', 'n', 'n', 'n', 'n', 'l', 'h', 'vh', 'n', 'vh', 'l', 'h', 'n', 'n', 'n', 190, 420, 5092, 30.3]
[76, 5, 1978, 'h', 'h', 'h', 'vh', 'l', 'h', 'vh', 'h', 'n', 'n', 'n', 'vh', 'l', 'h', 'h', 'n', 'h', 'h', 'h', 'n', 'n', 'l', 162, 756, 7553, 32.4]
#
 0,             smart,40,  0.57,  0.07, *       ------------|-                  ,  0.57,  0.81
 0,             smart,50,  0.57,  0.00, *-------------------|-----              ,  0.57,  0.85
#
 1,             smart,30,  0.71,  0.24,                *    |     ---           ,  0.57,  0.89
#
 2,              dumb,30,  0.81,  0.11,         -------     |     *---------    ,  0.64,  0.90
 2,              dumb,40,  0.81,  0.06, --------------------|-    *  --         ,  0.57,  0.89
 2,              dumb,50,  0.81,  0.17, --------            |     *--           ,  0.57,  0.85
#
 3,             smart,20,  0.82,  0.13, ---------------     |      *  ------    ,  0.57,  0.92
#
 4,              dumb,20,  0.85,  0.09,         ------------|-----    *     -   ,  0.57,  0.93

Results for data/process/pom3a.csv:
[0.0015910775467886662, 0.8094484247965928, 0.07541079408216533, 0.2698598143133767, 0.17985155652834006, 0.7339400350450935, 0.5981529653921099, 0.41754917881905695, 0.7873355735242357, 0.3359771836483689, 0.2419457983288688, 0.06993006993006987]
[0.015937355079440718, 0.690252039849216, 0.09172248999831378, 0.3955699372188485, 0.9984668426588031, 0.20119454432161432, 0.39569436321877893, 0.6850122692689583, 0.6625891081704506, 0.2709790503392529, 0.15326609109749717, 0.05698005698005706]
[0.10291116608476525, 0.4164071580661799, 0.48392002376885257, 0.8902676581862394, 0.33130949080250927, 0.38710649119719087, 0.1767262812695728, 0.3727604997036672, 0.7007611714797328, 0.15888188429190483, 0.15619118776168744, 0.0]
[0.023650834526003806, 0.28942925767095773, 0.6836815415335467, 0.03460060457978609, 0.5981595288159978, 0.36130192292124863, 0.12893665212220196, 0.07596887790604723, 0.3033192501237387, 0.24689086084548015, 0.21027338542951135, 0.27972027972027963]
#
 0,             smart,50,  0.09,  0.01, *----------         |                   ,  0.08,  0.26
#
 1,             smart,40,  0.12,  0.11, -  *      -----     |                   ,  0.08,  0.42
#
 2,             smart,30,  0.17,  0.11, ----- *       ------|----               ,  0.08,  0.41
 2,             smart,20,  0.21,  0.17, -----     *       --|----------------   ,  0.08,  0.58
 2,              dumb,40,  0.22,  0.13, ---        * -------|-----              ,  0.08,  0.45
 2,              dumb,50,  0.23,  0.07,    ------- *   -----|                   ,  0.08,  0.36
#
 3,              dumb,30,  0.28,  0.16,    -------     *    | ----              ,  0.10,  0.44
#
 4,              dumb,20,  0.33,  0.12,             ---    *|    ----           ,  0.15,  0.46

Results for data/process/pom3b.csv:
[0.8407186661098485, 0.34590328847491925, 0.16410581920225908, 0.490542052831509, 0.8514110791785213, 0.11935464599071366, 0.8199239621680839, 0.6971397686435554, 0.8067671557149629, 1.0, 0.22982045893956948, 0.0]
[0.4891567901923488, 0.3115770515180365, 0.31722912298527994, 0.34150902339740774, 0.8890577838729012, 0.869701570440498, 0.19839392002956857, 0.04977347519092712, 0.1424278139645755, 1.0, 0.0, 0.0]
[0.7466807362226251, 0.5757763099930453, 0.5509025178894013, 0.6871419392731716, 0.2906734126813997, 0.031095561160440544, 0.9816249731849997, 0.8055415613281902, 0.38444737403062335, 1.0, 0.10387830287284644, 0.0]
[0.09763123499962967, 0.676522178437104, 0.6898062739552565, 0.2484180394912323, 0.22396818115910455, 0.1472184558655838, 0.02494928288319498, 0.47686281899823935, 0.7144654271721743, 1.0, 0.12388731703997348, 0.0]
#
 0,             smart,50,  0.06,  0.04,    -- *  -          |                   ,  0.03,  0.24
#
 1,             smart,40,  0.07,  0.05,    --  *   ---------|-----              ,  0.03,  0.27
 1,              dumb,50,  0.07,  0.05,    --  *   ---------|                   ,  0.00,  0.24
 1,             smart,30,  0.09,  0.05,    ---   * ---------|-                  ,  0.03,  0.27
#
 2,              dumb,30,  0.11,  0.08,      ----  *      --|-                  ,  0.00,  0.27
#
 3,              dumb,20,  0.12,  0.13,    --------  *      |   -------------   ,  0.00,  0.37
 3,             smart,20,  0.15,  0.06,      ------    * ---|----------         ,  0.03,  0.32
 3,              dumb,40,  0.15,  0.10,    ------      *    |------             ,  0.00,  0.26

Results for data/process/pom3c.csv:
[0.2255435671367696, 0.3671049010779941, 0.41585277027850465, 0.37423904708696376, 0.12786879207647794, 0.6427750179806885, 0.7578692048303773, 0.2761096117618149, 0.20401951333426716, 0.5674304945300732, 0.704533410973712, 0.48752007006276454]
[0.597033497099295, 0.1671105265639099, 0.32631534831501596, 0.9993734091162441, 0.463445638812339, 0.04688011668106418, 0.21615167598346252, 0.9994607931259241, 0.11361819629480041, 0.28895694329617494, 0.7603788273288664, 0.012820512820512775]
[0.016298687458957017, 0.048150961697159156, 0.5589405924720638, 0.4385419329089628, 0.6871705135738599, 0.8841655181441002, 0.2840135040690641, 0.44001330793883897, 0.2509667000708149, 0.49147837603554606, 0.7621399854656555, 0.10558069381598789]
[0.016298687458957017, 0.048150961697159156, 0.5589405924720638, 0.4385419329089628, 0.6871705135738599, 0.8841655181441002, 0.2840135040690641, 0.44001330793883897, 0.2509667000708149, 0.49147837603554606, 0.7621399854656555, 0.10558069381598789]
#
 0,             smart,50,  0.40,  0.13, ------        * ----|                   ,  0.19,  0.49
#
 1,             smart,40,  0.42,  0.02,       ----------*---|                   ,  0.19,  0.54
 1,             smart,30,  0.43,  0.02,       ----------*---|---                ,  0.19,  0.54
#
 2,              dumb,30,  0.44,  0.04,               ---*  |---                ,  0.19,  0.56
 2,              dumb,50,  0.44,  0.04,       --------   *--|                   ,  0.19,  0.48
 2,              dumb,40,  0.45,  0.03, ----------------  * |                   ,  0.19,  0.48
 2,              dumb,20,  0.45,  0.05, ----------------- * |--------           ,  0.19,  0.69
 2,             smart,20,  0.45,  0.09,                 - * |  -----            ,  0.29,  0.75

Results for data/process/pom3d.csv:
[0.49502815796278465, 0.5595141892726925, 0.25177417592413975, 0.2897227678928428, 0.2665666442854744, 0.8064935044721872, 0.16546101352664355, 0.6439755449861053, 0.2938003897311545, 0.20628963921293605, 0.07881108679549435, 0.0]
[0.8111306212852488, 0.6109610225317526, 0.18060607098138637, 0.6610600047809072, 0.47107333967971754, 0.6039555239978275, 0.08614672695394876, 0.24956777283288067, 0.6631949278267398, 0.11365054513519178, 0.018870168357942863, 0.0]
[0.3364974024577888, 0.13209457942434744, 0.30518695553661745, 0.5453519167268638, 0.8622516738850587, 0.14143869570252465, 0.40590323033478304, 0.28543602084342035, 0.9674643965474184, 0.20060270475888003, 0.015753344952044963, 0.0]
[0.9485641944299987, 0.056777634506893215, 0.04434512963910786, 0.28818226829219107, 0.7605826801980307, 0.4960101050438499, 0.19525265387624857, 0.3668242254669646, 0.5011968320213998, 0.08384789379086197, 0.10958636563470642, 0.0]
#
 0,             smart,50,  0.13,  0.04,          *  --      |                   ,  0.05,  0.17
 0,             smart,40,  0.14,  0.03,       --  * ------- |                   ,  0.05,  0.24
 0,             smart,30,  0.15,  0.02,     ------  *-------|--                 ,  0.05,  0.33
 0,              dumb,40,  0.15,  0.03,       ---   *-----  |                   ,  0.08,  0.20
 0,              dumb,30,  0.15,  0.06,        --   *  ---- |                   ,  0.05,  0.26
 0,              dumb,50,  0.15,  0.05,     ----    * ------|--                 ,  0.05,  0.25
#
 1,              dumb,20,  0.17,  0.05,           --  *    -|---                ,  0.13,  0.27
 1,             smart,20,  0.19,  0.04,     ---------   * --|---------          ,  0.05,  0.38

Results for data/process/xomo_flight.csv:
[3.656, 5.023, 3.197, 2.296, 9.322, 3.619, 3.469, 5.243, 4.682, 29.697, 1.703, 3.138, 4.053, 1.554, 2.323, 4.444, 1.962, 3.796, 3.518, 3.413, 2.704, 3.0, 3.46, 3.83, 3.666, 3.663, 2.0, 212.788, 18.712, 801.424, 0.268]
[2.633, 3.982, 4.278, 3.851, 9.473, 5.109, 2.324, 5.246, 3.528, 51.136, 1.51, 4.402, 1.523, 1.435, 2.297, 3.573, 3.108, 4.562, 3.478, 4.133, 2.306, 3.0, 4.417, 3.487, 4.901, 3.906, 2.0, 263.267, 19.606, 1049.182, 0.0]
[3.28, 4.993, 3.96, 3.433, 4.917, 3.384, 1.438, 2.331, 3.319, 18.225, 2.694, 4.955, 4.693, 1.181, 2.827, 1.268, 4.945, 2.703, 4.391, 2.469, 4.776, 3.0, 1.954, 3.522, 3.142, 3.375, 2.0, 68.887, 13.119, 541.912, 0.0]
[2.298, 2.88, 3.958, 4.68, 8.362, 3.907, 1.872, 1.773, 2.665, 63.279, 3.008, 4.397, 1.406, 3.665, 2.851, 4.478, 4.296, 3.463, 3.434, 4.263, 3.704, 3.0, 5.582, 3.834, 1.499, 3.284, 2.0, 99.26, 14.754, 531.859, 0.0]
#
 0,             smart,50,  0.05,  0.03,  --- *  ---         |                   ,  0.00,  0.10
#
 1,             smart,40,  0.07,  0.05,    ---  *   -       |                   ,  0.00,  0.11
 1,             smart,30,  0.09,  0.08,  ------    *    ----|                   ,  0.01,  0.28
#
 2,              dumb,50,  0.12,  0.05,         --    * ----|----               ,  0.05,  0.22
 2,              dumb,30,  0.12,  0.05,         ----  *   --|--------           ,  0.05,  0.25
 2,              dumb,20,  0.14,  0.08,            --   *   |  ------           ,  0.06,  0.34
 2,             smart,20,  0.14,  0.07,    ---------    *   |---------          ,  0.01,  0.32
 2,              dumb,40,  0.15,  0.06,           ----   *  |-                  ,  0.02,  0.23

Results for data/process/xomo_ground.csv:
[3.723, 4.767, 3.471, 2.911, 8.259, 3.409, 2.816, 3.053, 4.197, 52.776, 3.82, 3.407, 2.579, 2.673, 2.957, 5.898, 2.296, 3.839, 3.775, 4.868, 3.895, 3.0, 1.348, 3.51, 4.584, 3.808, 2.0, 395.298, 21.778, 314.053, 0.0]
[3.193, 4.048, 3.178, 2.096, 9.5, 3.215, 3.268, 3.586, 1.389, 13.337, 2.78, 4.322, 4.483, 2.968, 2.534, 3.999, 1.992, 4.248, 3.993, 2.63, 5.634, 3.0, 4.479, 3.063, 1.373, 3.167, 2.0, 119.294, 16.236, 293.065, 0.536]
[2.564, 2.493, 4.381, 4.768, 6.895, 2.703, 2.359, 4.319, 2.585, 15.357, 3.631, 3.748, 4.997, 3.64, 2.449, 3.458, 1.335, 2.938, 2.932, 3.858, 3.33, 3.0, 5.677, 3.576, 1.959, 3.321, 2.0, 21.416, 9.404, 90.479, 0.536]
[2.359, 2.723, 3.684, 3.774, 9.568, 3.027, 4.269, 3.229, 3.766, 81.169, 1.39, 4.103, 2.56, 3.904, 2.08, 4.352, 2.589, 2.7, 2.112, 4.869, 2.482, 3.0, 2.002, 3.649, 3.582, 3.989, 2.0, 254.696, 19.553, 976.703, 0.536]
#
 0,             smart,50,  0.10,  0.05,     --   * ---      |                   ,  0.01,  0.17
#
 1,             smart,40,  0.12,  0.05,      --    *--------|--                 ,  0.05,  0.23
 1,             smart,30,  0.12,  0.08,       -    *   -----|--                 ,  0.03,  0.25
#
 2,             smart,20,  0.15,  0.05,       ------   *  --|----               ,  0.01,  0.25
 2,              dumb,50,  0.16,  0.04,          ----   * --|-----              ,  0.07,  0.25
 2,              dumb,40,  0.17,  0.07,         ----     * -|-------            ,  0.03,  0.29
#
 3,              dumb,20,  0.19,  0.08,             ---    *|  ---------        ,  0.12,  0.38
 3,              dumb,30,  0.20,  0.08,             ----    *    ----------     ,  0.09,  0.34

Results for data/process/xomo_osp.csv:
[3.445, 3.775, 4.273, 4.637, 7.063, 2.003, 1.295, 2.397, 1.005, 117.77, 3.546, 3.044, 3.921, 1.467, 2.427, 1.365, 4.734, 3.563, 3.977, 4.966, 5.124, 3.0, 5.495, 3.39, 3.935, 3.98, 2.0, 195.298, 17.926, 1167.616, 0.0]
[3.916, 2.698, 4.797, 2.302, 3.397, 3.359, 4.692, 1.936, 2.959, 15.583, 3.622, 3.192, 2.11, 3.467, 2.433, 1.327, 2.824, 4.921, 3.419, 1.278, 3.976, 3.0, 4.864, 3.732, 4.907, 3.942, 2.0, 69.032, 13.291, 470.822, 0.0]
[3.566, 1.045, 4.038, 3.739, 8.191, 3.4, 2.918, 5.113, 2.94, 47.27, 2.263, 3.012, 2.687, 2.265, 2.883, 1.942, 2.516, 4.602, 2.157, 3.338, 5.602, 3.0, 3.963, 3.383, 3.827, 3.954, 2.0, 304.92, 20.698, 2529.346, 0.536]
[3.121, 1.342, 3.956, 2.854, 5.691, 1.134, 4.843, 3.839, 3.524, 14.655, 2.833, 3.938, 4.603, 3.491, 2.073, 3.851, 2.417, 2.371, 2.41, 1.372, 3.35, 3.0, 5.514, 3.002, 4.725, 3.606, 2.0, 40.294, 11.433, 90.778, 0.0]
#
 0,             smart,50,  0.07,  0.03,  ---   * ----       |                   ,  0.03,  0.12
#
 1,             smart,40,  0.10,  0.02,     ------  * ----  |                   ,  0.03,  0.19
 1,              dumb,50,  0.10,  0.04,    -------  *   ----|--                 ,  0.05,  0.19
 1,             smart,30,  0.11,  0.05,         --    *   --|--                 ,  0.03,  0.17
#
 2,              dumb,40,  0.12,  0.03,           ----- *   |----------         ,  0.06,  0.23
 2,              dumb,30,  0.14,  0.08,          ------    *|        ----       ,  0.08,  0.25
 2,              dumb,20,  0.14,  0.07,        --------    *|      ------------ ,  0.05,  0.26
#
 3,             smart,20,  0.16,  0.06,              ----   | *    ---------    ,  0.03,  0.25

Results for data/process/xomo_osp2.csv:
[3.595, 1.11, 2.36, 2.012, 3.153, 5.547, 2.309, 4.663, 3.89, 99.901, 3.395, 3.0, 2.33, 3.0, 2.274, 3.708, 1.764, 2.0, 5.0, 1.538, 3.047, 2.761, 3.0, 4.003, 2.024, 4.026, 2.605, 593.778, 22.044, 10112.226, 1.072]
[4.162, 5.671, 2.308, 2.661, 8.842, 5.628, 2.219, 5.121, 4.973, 78.454, 2.419, 3.0, 2.842, 3.0, 3.907, 2.469, 1.706, 2.0, 5.0, 2.43, 3.671, 2.998, 3.0, 3.971, 2.48, 4.07, 2.919, 500.597, 20.653, 3595.127, 1.072]
[2.599, 5.334, 2.905, 2.296, 3.752, 5.663, 2.227, 3.466, 4.892, 88.874, 3.108, 3.0, 2.966, 3.0, 1.234, 1.474, 1.25, 2.0, 5.0, 2.888, 2.272, 2.744, 3.0, 3.447, 2.231, 5.729, 2.399, 493.699, 20.835, 8048.374, 2.413]
[4.321, 5.812, 2.007, 2.428, 8.424, 5.725, 3.496, 3.637, 2.692, 77.978, 3.848, 3.0, 2.528, 3.0, 3.931, 5.276, 1.261, 2.0, 5.0, 2.281, 2.824, 2.742, 3.0, 4.034, 2.663, 3.358, 2.308, 619.207, 22.789, 2358.957, 1.072]
#
 0,             smart,50,  0.21,  0.03,     --- *  ------   |                   ,  0.13,  0.33
#
 1,             smart,40,  0.24,  0.05,        --  *  ------|----               ,  0.14,  0.50
#
 2,             smart,30,  0.27,  0.11,      ----     *     |------------------ ,  0.17,  0.50
 2,              dumb,50,  0.27,  0.07,         --     *  --|                   ,  0.17,  0.32
 2,              dumb,40,  0.28,  0.04,          ----  * ---|---                ,  0.18,  0.50
 2,              dumb,30,  0.28,  0.04,        ------   *---|                   ,  0.16,  0.34
#
 3,             smart,20,  0.29,  0.07,           ---    *  |----               ,  0.18,  0.50
 3,              dumb,20,  0.29,  0.09,              --- *  |    ---            ,  0.20,  0.50
